
-----START----         


Using OpenMP with 40 threads


Random seed = 36875




-----GENERATE MASSES-----     

Maximum stellar mass set to: 100.00
Escape velocity of cluster = 14.9975 km/s

Setting up stellar population with Z = 0.0200.
Estimated number of necessary stars: 43390
Total mass: 25000.2	(43218 stars)
Most massive star: 89.9208
Mean masses theoretical/data: 0.573865 0.578467


-----GENERATE POSITIONS & VELOCITIES-----   

Approximate tidal radius: 43.7849 (pc)

Generating EFF model with parameters: N = 43218	 a = 1.0	 gamma = 2.000	 Rmax = 100.0	 D = 3.00

Integrating profile...

#r [pc]		rho_2D(r) [Msun/pc^2]		rho(r) [Msun/pc^3]	sigma(r) [km/s]		M(r) [Msun]		X(r)
0.000010	2081.273088972995992663	1040.616284569279059724	1.599750015994531260	0.000000000004356962	0.000000000000000174
0.000014	2081.273088784545052476	1040.611245110090749222	1.599753891124494398	0.000000000011459939	0.000000000000000458
0.000019	2081.273088425458809070	1040.604287919181388133	1.599759240801813531	0.000000000030142566	0.000000000000001206
0.000026	2081.273087741234121495	1040.594685730802211765	1.599766624149590699	0.000000000079282501	0.000000000000003171
0.000036	2081.273086437470738019	1040.581429174792674530	1.599776817060900136	0.000000000208532302	0.000000000000008341
0.000050	2081.273083953201876284	1040.563130895857966607	1.599790885597933698	0.000000000548488824	0.000000000000021939
0.000069	2081.273079219524333894	1040.537872550648671677	1.599810304372013992	0.000000001442647001	0.000000000000057705
0.000095	2081.273070199687481363	1040.503005271946676658	1.599837108066866076	0.000000003794454927	0.000000000000151777
0.000132	2081.273053012742821011	1040.454876055082650055	1.599874101922415415	0.000000009980093427	0.000000000000399201
0.000182	2081.273020263696253096	1040.388439772830906804	1.599925158188991725	0.000000026249082575	0.000000000001049956
0.000251	2081.272957861677696201	1040.296731664906701553	1.599995620558956055	0.000000069037616821	0.000000000002761485
0.000347	2081.272838957092062628	1040.170138583033349278	1.600092851342907796	0.000000181571043476	0.000000000007262791
0.000479	2081.272612389112964593	1039.995392312983085503	1.600227005888383847	0.000000477520889339	0.000000000019100701
0.000661	2081.272180672865488305	1039.754174849661922053	1.600412067856772813	0.000001255791138651	0.000000000050231293
0.000912	2081.271358055009841337	1039.421202660299513809	1.600667296495447367	0.000003302279181061	0.000000000132090240
0.001259	2081.269790590800766950	1038.961573651009302921	1.601019175287432095	0.000008683014874266	0.000000000347318156
0.001738	2081.266803855858142924	1038.327109249537897995	1.601504087512112706	0.000022828246668327	0.000000000913123455
0.002399	2081.261112773480363103	1037.451309078348458570	1.602171887991668209	0.000060006582637070	0.000000002400246451
0.003311	2081.250268725719706708	1036.242377013934401475	1.603090744917556432	0.000157695972388732	0.000000006307794603
0.004571	2081.229606131488253595	1034.573611253129001852	1.604353421266601076	0.000414283443629140	0.000000016571221385
0.006310	2081.190235505519012804	1032.270137348799607935	1.606085856899322151	0.001087863061400975	0.000000043514216906
0.008710	2081.115220447395131487	1029.090629365040967969	1.608457003948030151	0.002854784780232652	0.000000114190589381
0.012023	2080.972297169108514936	1024.702136500197639180	1.611692222625822568	0.007484927721320389	0.000000299395006547
0.016596	2080.700016810189936223	1018.645513616920652566	1.616085932720664031	0.019600498044485912	0.000000784014416551
0.022909	2080.181394466634628770	1010.288163324751280925	1.622017740820059784	0.051239162456410713	0.000002049552106617
0.031623	2079.193895285837243136	998.760004426868135852	1.629957777251736850	0.133627872070712000	0.000005345077350518
0.043652	2077.314847340674077714	982.868249857396790503	1.640463262239844733	0.347323365282336372	0.000013892837057930
0.060256	2073.743780601599155489	960.988012870229340479	1.654140359052597598	0.898495683642122400	0.000035939574983521
0.083176	2066.973128914719382010	930.932647111645110272	1.671554726717672912	2.308783863555585736	0.000092350706069779
0.114815	2054.193544359612133121	889.829187833144487740	1.693033639705128657	5.876043878411564059	0.000235040104721021
0.158489	2030.274889704294764670	834.081230304748487470	1.718468394420205492	14.749762448388738179	0.000589986355142165
0.218776	1986.207234002855102517	759.633237273632630604	1.746727068878066502	36.289136378173687092	0.001451555262529293
0.301995	1907.323150445084820603	662.993100164480779313	1.775475939331789377	86.715926823310226723	0.003468612716867743
0.416869	1773.137165595334181489	543.695529286314922501	1.800906370796294897	198.672209491742790988	0.007946832578234394
0.575440	1563.537247076783614830	408.318529291262279912	1.818220546292948603	429.062115570096011652	0.017162364111324400
0.794328	1276.105163770822173319	273.271528938309700152	1.822490397195549949	856.968775029678567989	0.034278510302763382
1.096478	945.060482504085143773	160.008246674109471996	1.809292962375953495	1558.108088312301333644	0.062323885903757106
1.513561	632.439012681251938375	82.102687960750131424	1.774794225546709070	2563.688965193065996573	0.102546838539604737
2.089296	387.923890426677985488	37.754390507289599554	1.716313360220167006	3842.662915186444934079	0.153705437311532800
2.884032	223.369179370226930814	16.060104544778248226	1.633371880773554441	5326.493305635652177443	0.213058236163282150
3.981072	123.525520697309900697	6.503818610866171745	1.527810482398916259	6946.006166005682644027	0.277838295702475202
5.495409	66.708503069814895525	2.559291922126779362	1.402822687315595562	8649.736670044501806842	0.345987037334052561
7.585776	35.550582672027431386	0.991130806022011090	1.262340400033191701	10404.171745765541345463	0.416163947591430772
10.471285	18.809887952927990540	0.380524096326001593	1.111309285522865231	12188.589510351586795878	0.487540156982115280
14.454398	9.914147216259644679	0.145420744893877574	0.956026349615751170	13990.911025811396029894	0.559632511379090314
19.952623	5.214822590871334818	0.055438030591245559	0.803652116368013703	15804.759302328859121189	0.632185932980828591
27.542287	2.740040198134015448	0.021107112624658080	0.660948021449664247	17627.258479318388708634	0.705085388171654892
38.018940	1.438893710802630732	0.008030730112237729	0.533006035416818902	19457.518370989386312431	0.778295269769973541
52.480746	0.755390319017618661	0.003054402762873476	0.422622582188946883	21295.760956753889331594	0.851824456889918036
72.443596	0.396502859416546560	0.001161491969704996	0.330415022386345514	23142.845074649056186900	0.925707302811751509
100.000000	0.208106498268284673	0.000441634911151757	0.255387804990491574	25000.175545084388431860	0.999999999957279395
Generating orbit #0
Generating orbit #1000
Generating orbit #2000
Generating orbit #3000
Generating orbit #4000
Generating orbit #5000
Generating orbit #6000
Generating orbit #7000
Generating orbit #8000
Generating orbit #9000
Generating orbit #10000
Generating orbit #11000
Generating orbit #12000
Generating orbit #13000
Generating orbit #14000
Generating orbit #15000
Generating orbit #16000
Generating orbit #17000
Generating orbit #18000
Generating orbit #19000
Generating orbit #20000
Generating orbit #21000
Generating orbit #22000
Generating orbit #23000
Generating orbit #24000
Generating orbit #25000
Generating orbit #26000
Generating orbit #27000
Generating orbit #28000
Generating orbit #29000
Generating orbit #30000
Generating orbit #31000
Generating orbit #32000
Generating orbit #33000
Generating orbit #34000
Generating orbit #35000
Generating orbit #36000
Generating orbit #37000
Generating orbit #38000
Generating orbit #39000
Generating orbit #40000
Generating orbit #41000
Generating orbit #42000
Generating orbit #43000

Rh = 11.2 pc

Applying centre-of-mass correction.

Re-scaling of orbits (dt ~ N^2!)
Dynamical temperature of centre-of-mass particles kT = 0.578467


measuring half-mass radius: 11.1712855 	 11.5254508 (should/is)
and correcting for this factor

Radial density profile:

#  R [pc]   N [1/pc^3]   M [Msun/pc^3]   L [Lsun/pc^3]   N [1/pc^2]   M [Msun/pc^2]   L [Lsun/pc^2] 
   0.1000     238.7324         19.6225          0.0000    2355.4932       1111.8074          0.0000
   0.1436     364.7159         80.4984          0.0000    2095.5693       1183.6659          0.0000
   0.2063    1394.6855        560.9506          0.0000    2161.8864        845.1858          0.0000
   0.2964     927.3338        517.7500          0.0000    2187.0041       1242.9685          0.0000
   0.4257     976.0487        454.3307          0.0000    1922.2546       1234.6999          0.0000
   0.6115     740.6056        493.6731          0.0000    1539.5377        859.1093          0.0000
   0.8784     497.1239        290.0457          0.0000    1206.5082        614.9351          0.0000
   1.2617     290.9831        163.5751          0.0000     797.0032        481.7032          0.0000
   1.8123     141.7041         81.1430          0.0000     504.0076        306.8226          0.0000
   2.6032      57.2286         35.1989          0.0000     269.7055        164.4194          0.0000
   3.7393      22.1146         12.9536          0.0000     144.9418         78.1551          0.0000
   5.3711       7.7455          4.2102          0.0000      69.6703         38.9735          0.0000
   7.7151       2.6315          1.4381          0.0000      35.5724         19.3287          0.0000
  11.0821       0.8985          0.5099          0.0000      17.4822         11.0973          0.0000
  15.9185       0.3172          0.1760          0.0000       8.5169          4.8856          0.0000
  22.8655       0.1028          0.0604          0.0000       3.9790          2.3199          0.0000
  32.8442       0.0371          0.0225          0.0000       2.0413          1.2078          0.0000
  47.1778       0.0124          0.0071          0.0000       0.9108          0.5141          0.0000
  67.7667       0.0042          0.0027          0.0000       0.3902          0.2214          0.0000
  97.3409       0.0014          0.0008          0.0000       0.1218          0.0736          0.0000

Cumulative profile:

#  R [pc]         N     M [Msun]     L [Lsun]    N (2D)    M(2D) [Msun]    L(2D) [Lsun]
   0.1000         1        0.082        0.000        74         34.9285          0.0000
   0.1436         4        0.744        0.000       144         74.4674          0.0000
   0.2063        38       14.419        0.000       293        132.7187          0.0000
   0.2964       105       51.827        0.000       604        309.4734          0.0000
   0.4257       314      149.112        0.000      1168        671.7411          0.0000
   0.6115       784      462.405        0.000      2100       1191.8257          0.0000
   0.8784      1719     1007.928        0.000      3607       1959.9160          0.0000
   1.2617      3341     1919.730        0.000      5661       3201.3392          0.0000
   1.8123      5682     3260.240        0.000      8341       4832.8318          0.0000
   2.6032      8484     4983.633        0.000     11300       6636.7141          0.0000
   3.7393     11693     6863.310        0.000     14581       8405.8864          0.0000
   5.3711     15024     8673.935        0.000     17835      10226.1718          0.0000
   7.7151     18378    10506.928        0.000     21263      12088.8210          0.0000
  11.0821     21772    12433.108        0.000     24739      14295.3029          0.0000
  15.9185     25323    14403.563        0.000     28233      16299.6058          0.0000
  22.8655     28734    16407.304        0.000     31601      18263.2823          0.0000
  32.8442     32378    18621.613        0.000     35166      20372.6374          0.0000
  47.1778     36000    20679.462        0.000     38448      22225.1828          0.0000
  67.7667     39623    22981.271        0.000     41349      23871.0957          0.0000
  97.3409     43218    25000.176        0.000     43218      25000.1755          0.0000

Half-number radius = 10.8586 pc (8.0180 pc, 2D)
Half-mass radius = 11.1713 pc (8.2518 pc, 2D)
Half-light radius = 0.0431 pc (0.0126 pc, 2D)

Actual half-mass radius of the cluster = (11.1713 / 8.2518) pc (3D / 2D)


-----GENERATE BINARIES-----   

No primordial binaries!


-----SCALING-----      

Re-calculate the total mass after binary generation for scaling: Mnew=25000.175546 
Scaling to astrophysical units. rscale=11.542762; vscale=3.121409

New Time scaling: tscale=3.697934 

-----OUTPUT-----      

Data written to eff_25000msol_kroup.txt


-----FINISH-----  

Elapsed time: 14.5998 sec
