04/01/2020 09:30:51 PM SimCADO imported
04/01/2020 09:40:59 PM UserCommands object created
04/01/2020 09:40:59 PM [UserCommands] Determining lam_bin_edges
04/01/2020 09:40:59 PM [UserCommands] lam_bin_edges found
04/01/2020 09:41:15 PM [UserCommands] Determining lam_bin_edges
04/01/2020 09:41:15 PM [UserCommands] lam_bin_edges found
04/01/2020 09:41:29 PM [UserCommands] Determining lam_bin_edges
04/01/2020 09:41:29 PM [UserCommands] lam_bin_edges found
04/01/2020 09:41:29 PM [UserCommands] Determining lam_bin_edges
04/01/2020 09:41:29 PM [UserCommands] lam_bin_edges found
04/01/2020 09:41:47 PM [UserCommands] Determining lam_bin_edges
04/01/2020 09:41:47 PM [UserCommands] lam_bin_edges found
04/01/2020 09:41:47 PM [UserCommands] Determining lam_bin_edges
04/01/2020 09:41:47 PM [UserCommands] lam_bin_edges found
04/01/2020 09:41:59 PM [UserCommands] Determining lam_bin_edges
04/01/2020 09:41:59 PM [UserCommands] lam_bin_edges found
04/01/2020 09:41:59 PM [UserCommands] Determining lam_bin_edges
04/01/2020 09:41:59 PM [UserCommands] lam_bin_edges found
04/01/2020 09:46:59 PM [UserCommands] Determining lam_bin_edges
04/01/2020 09:46:59 PM [UserCommands] lam_bin_edges found
04/01/2020 09:47:04 PM [UserCommands] Determining lam_bin_edges
04/01/2020 09:47:04 PM [UserCommands] lam_bin_edges found
04/01/2020 09:47:05 PM [UserCommands] Determining lam_bin_edges
04/01/2020 09:47:05 PM [UserCommands] lam_bin_edges found
04/01/2020 09:47:05 PM [UserCommands] Determining lam_bin_edges
04/01/2020 09:47:05 PM [UserCommands] lam_bin_edges found
04/01/2020 09:47:05 PM [UserCommands] Determining lam_bin_edges
04/01/2020 09:47:05 PM [UserCommands] lam_bin_edges found
04/01/2020 09:47:06 PM [UserCommands] Determining lam_bin_edges
04/01/2020 09:47:06 PM [UserCommands] lam_bin_edges found
04/01/2020 09:47:06 PM [UserCommands] Determining lam_bin_edges
04/01/2020 09:47:06 PM [UserCommands] lam_bin_edges found
04/01/2020 09:47:24 PM UserCommands object created
04/01/2020 09:47:24 PM [UserCommands] Determining lam_bin_edges
04/01/2020 09:47:24 PM [UserCommands] lam_bin_edges found
04/01/2020 09:47:24 PM [UserCommands] Determining lam_bin_edges
04/01/2020 09:47:24 PM [UserCommands] lam_bin_edges found
04/01/2020 09:47:25 PM [UserCommands] Determining lam_bin_edges
04/01/2020 09:47:25 PM [UserCommands] lam_bin_edges found
04/01/2020 09:48:52 PM [UserCommands] Determining lam_bin_edges
04/01/2020 09:48:52 PM [UserCommands] lam_bin_edges found
04/01/2020 09:48:52 PM [UserCommands] Determining lam_bin_edges
04/01/2020 09:48:52 PM [UserCommands] lam_bin_edges found
04/01/2020 09:48:52 PM [OpticalTrain] Generating an optical train
04/01/2020 09:48:53 PM [UserCommands] Determining lam_bin_edges
04/01/2020 09:48:53 PM [UserCommands] lam_bin_edges found
04/01/2020 09:48:53 PM [UserCommands] Determining lam_bin_edges
04/01/2020 09:48:53 PM [UserCommands] lam_bin_edges found
04/01/2020 09:48:54 PM [UserCommands] Determining lam_bin_edges
04/01/2020 09:48:54 PM [UserCommands] lam_bin_edges found
04/01/2020 09:48:54 PM [UserCommands] Determining lam_bin_edges
04/01/2020 09:48:54 PM [UserCommands] lam_bin_edges found
04/01/2020 09:48:54 PM [UserCommands] Determining lam_bin_edges
04/01/2020 09:48:54 PM [UserCommands] lam_bin_edges found
04/01/2020 09:48:55 PM [UserCommands] Determining lam_bin_edges
04/01/2020 09:48:55 PM [UserCommands] lam_bin_edges found
04/01/2020 09:48:55 PM [UserCommands] Determining lam_bin_edges
04/01/2020 09:48:55 PM [UserCommands] lam_bin_edges found
04/01/2020 09:48:55 PM [UserCommands] Determining lam_bin_edges
04/01/2020 09:48:55 PM [UserCommands] lam_bin_edges found
04/01/2020 09:48:55 PM [UserCommands] Determining lam_bin_edges
04/01/2020 09:48:55 PM [UserCommands] lam_bin_edges found
04/01/2020 09:48:56 PM [UserCommands] Determining lam_bin_edges
04/01/2020 09:48:56 PM [UserCommands] lam_bin_edges found
04/01/2020 09:48:56 PM [gen_all_tc] Generating AO module mirror emission photons
04/01/2020 09:48:56 PM [_gen_all_tc] Generating telescope mirror emission photons
04/01/2020 09:48:56 PM [_gen_all_tc] Generating atmospheric emission photons
04/01/2020 09:48:57 PM [_gen_all_tc] GGenerating optical path for source photons
04/01/2020 09:49:32 PM [UserCommands] Determining lam_bin_edges
04/01/2020 09:49:32 PM [UserCommands] lam_bin_edges found
04/01/2020 09:49:32 PM [UserCommands] Determining lam_bin_edges
04/01/2020 09:49:32 PM [UserCommands] lam_bin_edges found
04/01/2020 09:49:32 PM [OpticalTrain] Generating an optical train
04/01/2020 09:49:33 PM [UserCommands] Determining lam_bin_edges
04/01/2020 09:49:33 PM [UserCommands] lam_bin_edges found
04/01/2020 09:49:34 PM [UserCommands] Determining lam_bin_edges
04/01/2020 09:49:34 PM [UserCommands] lam_bin_edges found
04/01/2020 09:49:34 PM [UserCommands] Determining lam_bin_edges
04/01/2020 09:49:34 PM [UserCommands] lam_bin_edges found
04/01/2020 09:49:34 PM [UserCommands] Determining lam_bin_edges
04/01/2020 09:49:34 PM [UserCommands] lam_bin_edges found
04/01/2020 09:49:35 PM [UserCommands] Determining lam_bin_edges
04/01/2020 09:49:35 PM [UserCommands] lam_bin_edges found
04/01/2020 09:49:35 PM [UserCommands] Determining lam_bin_edges
04/01/2020 09:49:35 PM [UserCommands] lam_bin_edges found
04/01/2020 09:49:35 PM [UserCommands] Determining lam_bin_edges
04/01/2020 09:49:35 PM [UserCommands] lam_bin_edges found
04/01/2020 09:49:36 PM [UserCommands] Determining lam_bin_edges
04/01/2020 09:49:36 PM [UserCommands] lam_bin_edges found
04/01/2020 09:49:36 PM [UserCommands] Determining lam_bin_edges
04/01/2020 09:49:36 PM [UserCommands] lam_bin_edges found
04/01/2020 09:49:36 PM [UserCommands] Determining lam_bin_edges
04/01/2020 09:49:36 PM [UserCommands] lam_bin_edges found
04/01/2020 09:49:36 PM [gen_all_tc] Generating AO module mirror emission photons
04/01/2020 09:49:36 PM [_gen_all_tc] Generating telescope mirror emission photons
04/01/2020 09:49:36 PM [_gen_all_tc] Generating atmospheric emission photons
04/01/2020 09:49:37 PM [_gen_all_tc] GGenerating optical path for source photons
04/01/2020 09:51:05 PM [UserCommands] Determining lam_bin_edges
04/01/2020 09:51:05 PM [UserCommands] lam_bin_edges found
04/01/2020 09:51:17 PM [UserCommands] Determining lam_bin_edges
04/01/2020 09:51:17 PM [UserCommands] lam_bin_edges found
04/01/2020 09:51:17 PM [UserCommands] Determining lam_bin_edges
04/01/2020 09:51:17 PM [UserCommands] lam_bin_edges found
04/01/2020 09:51:17 PM [OpticalTrain] Generating an optical train
04/01/2020 09:51:18 PM [UserCommands] Determining lam_bin_edges
04/01/2020 09:51:18 PM [UserCommands] lam_bin_edges found
04/01/2020 09:51:19 PM [UserCommands] Determining lam_bin_edges
04/01/2020 09:51:19 PM [UserCommands] lam_bin_edges found
04/01/2020 09:51:19 PM [UserCommands] Determining lam_bin_edges
04/01/2020 09:51:19 PM [UserCommands] lam_bin_edges found
04/01/2020 09:51:19 PM [UserCommands] Determining lam_bin_edges
04/01/2020 09:51:19 PM [UserCommands] lam_bin_edges found
04/01/2020 09:51:20 PM [UserCommands] Determining lam_bin_edges
04/01/2020 09:51:20 PM [UserCommands] lam_bin_edges found
04/01/2020 09:51:20 PM [UserCommands] Determining lam_bin_edges
04/01/2020 09:51:20 PM [UserCommands] lam_bin_edges found
04/01/2020 09:51:20 PM [UserCommands] Determining lam_bin_edges
04/01/2020 09:51:20 PM [UserCommands] lam_bin_edges found
04/01/2020 09:51:20 PM [UserCommands] Determining lam_bin_edges
04/01/2020 09:51:20 PM [UserCommands] lam_bin_edges found
04/01/2020 09:51:21 PM [UserCommands] Determining lam_bin_edges
04/01/2020 09:51:21 PM [UserCommands] lam_bin_edges found
04/01/2020 09:51:21 PM [UserCommands] Determining lam_bin_edges
04/01/2020 09:51:21 PM [UserCommands] lam_bin_edges found
04/01/2020 09:51:21 PM [gen_all_tc] Generating AO module mirror emission photons
04/01/2020 09:51:21 PM [_gen_all_tc] Generating telescope mirror emission photons
04/01/2020 09:51:21 PM [_gen_all_tc] Generating atmospheric emission photons
04/01/2020 09:51:22 PM [_gen_all_tc] GGenerating optical path for source photons
04/01/2020 09:53:05 PM [UserCommands] Determining lam_bin_edges
04/01/2020 09:53:05 PM [UserCommands] lam_bin_edges found
04/01/2020 09:59:22 PM [UserCommands] Determining lam_bin_edges
04/01/2020 09:59:22 PM [UserCommands] lam_bin_edges found
04/01/2020 09:59:29 PM [UserCommands] Determining lam_bin_edges
04/01/2020 09:59:29 PM [UserCommands] lam_bin_edges found
04/01/2020 09:59:29 PM [UserCommands] Determining lam_bin_edges
04/01/2020 09:59:29 PM [UserCommands] lam_bin_edges found
04/01/2020 09:59:29 PM [OpticalTrain] Generating an optical train
04/01/2020 09:59:30 PM [UserCommands] Determining lam_bin_edges
04/01/2020 09:59:30 PM [UserCommands] lam_bin_edges found
04/01/2020 09:59:30 PM [UserCommands] Determining lam_bin_edges
04/01/2020 09:59:30 PM [UserCommands] lam_bin_edges found
04/01/2020 09:59:31 PM [UserCommands] Determining lam_bin_edges
04/01/2020 09:59:31 PM [UserCommands] lam_bin_edges found
04/01/2020 09:59:31 PM [UserCommands] Determining lam_bin_edges
04/01/2020 09:59:31 PM [UserCommands] lam_bin_edges found
04/01/2020 09:59:31 PM [UserCommands] Determining lam_bin_edges
04/01/2020 09:59:31 PM [UserCommands] lam_bin_edges found
04/01/2020 09:59:32 PM [UserCommands] Determining lam_bin_edges
04/01/2020 09:59:32 PM [UserCommands] lam_bin_edges found
04/01/2020 09:59:32 PM [UserCommands] Determining lam_bin_edges
04/01/2020 09:59:32 PM [UserCommands] lam_bin_edges found
04/01/2020 09:59:32 PM [UserCommands] Determining lam_bin_edges
04/01/2020 09:59:32 PM [UserCommands] lam_bin_edges found
04/01/2020 09:59:33 PM [UserCommands] Determining lam_bin_edges
04/01/2020 09:59:33 PM [UserCommands] lam_bin_edges found
04/01/2020 09:59:33 PM [UserCommands] Determining lam_bin_edges
04/01/2020 09:59:33 PM [UserCommands] lam_bin_edges found
04/01/2020 09:59:33 PM [gen_all_tc] Generating AO module mirror emission photons
04/01/2020 09:59:33 PM [_gen_all_tc] Generating telescope mirror emission photons
04/01/2020 09:59:33 PM [_gen_all_tc] Generating atmospheric emission photons
04/01/2020 09:59:34 PM [_gen_all_tc] GGenerating optical path for source photons
04/01/2020 10:01:12 PM [UserCommands] Determining lam_bin_edges
04/01/2020 10:01:12 PM [UserCommands] lam_bin_edges found
04/01/2020 10:02:45 PM [UserCommands] Determining lam_bin_edges
04/01/2020 10:02:45 PM [UserCommands] lam_bin_edges found
04/01/2020 10:02:45 PM [UserCommands] Determining lam_bin_edges
04/01/2020 10:02:45 PM [UserCommands] lam_bin_edges found
04/01/2020 10:02:45 PM [OpticalTrain] Generating an optical train
04/01/2020 10:02:46 PM [UserCommands] Determining lam_bin_edges
04/01/2020 10:02:46 PM [UserCommands] lam_bin_edges found
04/01/2020 10:02:46 PM [UserCommands] Determining lam_bin_edges
04/01/2020 10:02:46 PM [UserCommands] lam_bin_edges found
04/01/2020 10:02:46 PM [UserCommands] Determining lam_bin_edges
04/01/2020 10:02:46 PM [UserCommands] lam_bin_edges found
04/01/2020 10:02:47 PM [UserCommands] Determining lam_bin_edges
04/01/2020 10:02:47 PM [UserCommands] lam_bin_edges found
04/01/2020 10:02:47 PM [UserCommands] Determining lam_bin_edges
04/01/2020 10:02:47 PM [UserCommands] lam_bin_edges found
04/01/2020 10:02:47 PM [UserCommands] Determining lam_bin_edges
04/01/2020 10:02:47 PM [UserCommands] lam_bin_edges found
04/01/2020 10:02:48 PM [UserCommands] Determining lam_bin_edges
04/01/2020 10:02:48 PM [UserCommands] lam_bin_edges found
04/01/2020 10:02:48 PM [UserCommands] Determining lam_bin_edges
04/01/2020 10:02:48 PM [UserCommands] lam_bin_edges found
04/01/2020 10:02:48 PM [UserCommands] Determining lam_bin_edges
04/01/2020 10:02:48 PM [UserCommands] lam_bin_edges found
04/01/2020 10:02:48 PM [UserCommands] Determining lam_bin_edges
04/01/2020 10:02:48 PM [UserCommands] lam_bin_edges found
04/01/2020 10:02:48 PM [gen_all_tc] Generating AO module mirror emission photons
04/01/2020 10:02:49 PM [_gen_all_tc] Generating telescope mirror emission photons
04/01/2020 10:02:49 PM [_gen_all_tc] Generating atmospheric emission photons
04/01/2020 10:02:50 PM [_gen_all_tc] GGenerating optical path for source photons
04/01/2020 10:04:24 PM [UserCommands] Determining lam_bin_edges
04/01/2020 10:04:24 PM [UserCommands] lam_bin_edges found
04/01/2020 10:04:24 PM [UserCommands] Determining lam_bin_edges
04/01/2020 10:04:24 PM [UserCommands] lam_bin_edges found
04/01/2020 10:04:24 PM [OpticalTrain] Generating an optical train
04/01/2020 10:04:25 PM [UserCommands] Determining lam_bin_edges
04/01/2020 10:04:25 PM [UserCommands] lam_bin_edges found
04/01/2020 10:04:26 PM [UserCommands] Determining lam_bin_edges
04/01/2020 10:04:26 PM [UserCommands] lam_bin_edges found
04/01/2020 10:04:26 PM [UserCommands] Determining lam_bin_edges
04/01/2020 10:04:26 PM [UserCommands] lam_bin_edges found
04/01/2020 10:04:27 PM [UserCommands] Determining lam_bin_edges
04/01/2020 10:04:27 PM [UserCommands] lam_bin_edges found
04/01/2020 10:04:27 PM [UserCommands] Determining lam_bin_edges
04/01/2020 10:04:27 PM [UserCommands] lam_bin_edges found
04/01/2020 10:04:27 PM [UserCommands] Determining lam_bin_edges
04/01/2020 10:04:27 PM [UserCommands] lam_bin_edges found
04/01/2020 10:04:28 PM [UserCommands] Determining lam_bin_edges
04/01/2020 10:04:28 PM [UserCommands] lam_bin_edges found
04/01/2020 10:04:28 PM [UserCommands] Determining lam_bin_edges
04/01/2020 10:04:28 PM [UserCommands] lam_bin_edges found
04/01/2020 10:04:28 PM [UserCommands] Determining lam_bin_edges
04/01/2020 10:04:28 PM [UserCommands] lam_bin_edges found
04/01/2020 10:04:28 PM [UserCommands] Determining lam_bin_edges
04/01/2020 10:04:28 PM [UserCommands] lam_bin_edges found
04/01/2020 10:04:28 PM [gen_all_tc] Generating AO module mirror emission photons
04/01/2020 10:04:28 PM [_gen_all_tc] Generating telescope mirror emission photons
04/01/2020 10:04:29 PM [_gen_all_tc] Generating atmospheric emission photons
04/01/2020 10:04:30 PM [_gen_all_tc] GGenerating optical path for source photons
04/01/2020 10:06:11 PM [UserCommands] Determining lam_bin_edges
04/01/2020 10:06:11 PM [UserCommands] lam_bin_edges found
04/01/2020 10:07:50 PM [UserCommands] Determining lam_bin_edges
04/01/2020 10:07:50 PM [UserCommands] lam_bin_edges found
04/01/2020 10:07:50 PM [UserCommands] Determining lam_bin_edges
04/01/2020 10:07:50 PM [UserCommands] lam_bin_edges found
04/01/2020 10:07:50 PM [OpticalTrain] Generating an optical train
04/01/2020 10:07:51 PM [UserCommands] Determining lam_bin_edges
04/01/2020 10:07:51 PM [UserCommands] lam_bin_edges found
04/01/2020 10:07:52 PM [UserCommands] Determining lam_bin_edges
04/01/2020 10:07:52 PM [UserCommands] lam_bin_edges found
04/01/2020 10:07:52 PM [UserCommands] Determining lam_bin_edges
04/01/2020 10:07:52 PM [UserCommands] lam_bin_edges found
04/01/2020 10:07:52 PM [UserCommands] Determining lam_bin_edges
04/01/2020 10:07:52 PM [UserCommands] lam_bin_edges found
04/01/2020 10:07:53 PM [UserCommands] Determining lam_bin_edges
04/01/2020 10:07:53 PM [UserCommands] lam_bin_edges found
04/01/2020 10:07:53 PM [UserCommands] Determining lam_bin_edges
04/01/2020 10:07:53 PM [UserCommands] lam_bin_edges found
04/01/2020 10:07:53 PM [UserCommands] Determining lam_bin_edges
04/01/2020 10:07:53 PM [UserCommands] lam_bin_edges found
04/01/2020 10:07:53 PM [UserCommands] Determining lam_bin_edges
04/01/2020 10:07:53 PM [UserCommands] lam_bin_edges found
04/01/2020 10:07:54 PM [UserCommands] Determining lam_bin_edges
04/01/2020 10:07:54 PM [UserCommands] lam_bin_edges found
04/01/2020 10:07:54 PM [UserCommands] Determining lam_bin_edges
04/01/2020 10:07:54 PM [UserCommands] lam_bin_edges found
04/01/2020 10:07:54 PM [gen_all_tc] Generating AO module mirror emission photons
04/01/2020 10:07:54 PM [_gen_all_tc] Generating telescope mirror emission photons
04/01/2020 10:07:54 PM [_gen_all_tc] Generating atmospheric emission photons
04/01/2020 10:07:55 PM [_gen_all_tc] GGenerating optical path for source photons
04/01/2020 10:09:33 PM [UserCommands] Determining lam_bin_edges
04/01/2020 10:09:33 PM [UserCommands] lam_bin_edges found
